Attempts: 1 - Request URL: mykaarma.com/wp/wp-content/uploads/2015/10/customercanpayonline.png
Attempts: 2 - Request URL: mykaarma.com/our-company/india-team/
Attempts: 3 - Request URL: mykaarma.com/mykaarma-at-nada2016/img_20160401_074802/
Attempts: 4 - Request URL: mykaarma.com/our-company/snacks/
Attempts: 5 - Request URL: mykaarma.com/insights/
Attempts: 6 - Request URL: mykaarma.com/bmw-price-quote/
Attempts: 7 - Request URL: mykaarma.com/?p=2516
Attempts: 8 - Request URL: mykaarma.com/features-2-2/
Attempts: 9 - Request URL: mykaarma.com/wp/wp-content/uploads/2015/10/anytime.png
Attempts: 10 - Request URL: mykaarma.com/terms/support.mykaarma.com
Attempts: 11 - Request URL: mykaarma.com/mykaarma-at-the-2016-lamarathon/attachment/6868/
Attempts: 12 - Request URL: mykaarma.com/wp/wp-content/uploads/2016/09/gift.jpeg
Attempts: 13 - Request URL: mykaarma.com/wp/wp-content/uploads/2015/10/vacation.png
Attempts: 14 - Request URL: mykaarma.com/wp/wp-content/uploads/2017/01/himanshu_singla.png
Attempts: 15 - Request URL: mykaarma.com/company/icon-our-position/
Attempts: 16 - Request URL: mykaarma.com/mykaarma-at-nada2016/nada-header/
Attempts: 17 - Request URL: mykaarma.com/wp/wp-content/uploads/2016/12/Ritz.jpg
Attempts: 18 - Request URL: mykaarma.com/mykaarma-at-the-2016-lamarathon/20160214_101931/
Attempts: 19 - Request URL: mykaarma.com/insights/page/2/
Attempts: 20 - Request URL: mykaarma.com/customer-interaction-app-enables-lexus-jacksonville-keep-service-department-running-massive-power-outage/lexus-logo-640x480/
Attempts: 21 - Request URL: mykaarma.com/our-company/workhours/
Attempts: 22 - Request URL: mykaarma.com/company-2-2/
