Attempts: 1 - Request URL: mykaarma.com/tag/mdl-automation/
Attempts: 2 - Request URL: mykaarma.com/wp/wp-content/uploads/2015/10/powerful.png
Attempts: 3 - Request URL: mykaarma.com/death-of-the-gui/
Attempts: 4 - Request URL: mykaarma.com/wp/wp-content/uploads/2015/10/integration.png
Attempts: 5 - Request URL: mykaarma.com/mykaarma-story/
Attempts: 6 - Request URL: mykaarma.com/mercedes-benz-canada/
Attempts: 7 - Request URL: mykaarma.com/jobs/
Attempts: 8 - Request URL: mykaarma.com/tag/crm/
Attempts: 9 - Request URL: mykaarma.com/tag/conference/
Attempts: 10 - Request URL: mykaarma.com/tag/communication/
Attempts: 11 - Request URL: mykaarma.com/tag/chris-barthel/
Attempts: 12 - Request URL: mykaarma.com/tag/automotive-service/
Attempts: 13 - Request URL: mykaarma.com/tag/authorization-disputes/
Attempts: 14 - Request URL: mykaarma.com/status/
Attempts: 15 - Request URL: mykaarma.com/slashing-voice-rates-another-40/
Attempts: 16 - Request URL: mykaarma.com/ujj-nath-effective-communications-recall-customers/
Attempts: 17 - Request URL: mykaarma.com/texting-%e2%89%a0-communications/
Attempts: 18 - Request URL: mykaarma.com/tag/retention/
Attempts: 19 - Request URL: mykaarma.com/interview-with-chris-barthel-head-of-fixed-operations-for-the-conant-automotive-group/
Attempts: 20 - Request URL: mykaarma.com/parts-rollout/
Attempts: 21 - Request URL: mykaarma.com/tag/reliability/
Attempts: 22 - Request URL: mykaarma.com/tag/oem/
Attempts: 23 - Request URL: mykaarma.com/our-company/jobs-2/
Attempts: 24 - Request URL: mykaarma.com/dont-get-distracted-shiny-objects/
Attempts: 25 - Request URL: mykaarma.com/death-of-the-gui/
Attempts: 26 - Request URL: mykaarma.com/tag/nada/
Attempts: 27 - Request URL: mykaarma.com/tag/mdl-automation/
Attempts: 28 - Request URL: mykaarma.com/contact-us/
Attempts: 29 - Request URL: mykaarma.com/tag/lyft/
Attempts: 30 - Request URL: mykaarma.com/new-fcc-rules-you-really-should-know/
Attempts: 31 - Request URL: mykaarma.com/nada2017demo/
Attempts: 32 - Request URL: mykaarma.com/mykaarma-story/
Attempts: 33 - Request URL: mykaarma.com/tag/emv/
Attempts: 34 - Request URL: mykaarma.com/mykaarma-net-promoter-score-survey-results/
Attempts: 35 - Request URL: mykaarma.com/mykaarma-named-official-platform-2nd-major-luxury-oem/
Attempts: 36 - Request URL: mykaarma.com/tag/dealer/
Attempts: 37 - Request URL: mykaarma.com/mbcanada-price-quote/
Attempts: 38 - Request URL: mykaarma.com/4-write-it-right-tips-to-car-repair/
