Attempts: 1 - Request URL: mykaarma.com/thank-you/
Attempts: 2 - Request URL: mykaarma.com/tag/bmw-supplier/
Attempts: 3 - Request URL: mykaarma.com/2016/12/08/
Attempts: 4 - Request URL: mykaarma.com/type/image/
Attempts: 5 - Request URL: mykaarma.com/r-p-crm/
Attempts: 6 - Request URL: mykaarma.com/communications/icon-sound/
Attempts: 7 - Request URL: mykaarma.com/our-company/teams2b/
Attempts: 8 - Request URL: mykaarma.com/customer-interaction-app-enables-lexus-jacksonville-keep-service-department-running-massive-power-outage/
Attempts: 9 - Request URL: mykaarma.com/give-service-advisors-break-time-reduce-noise/
Attempts: 10 - Request URL: mykaarma.com/how-not-using-mobile-payments-can-cost-your-dealership-5000/
Attempts: 11 - Request URL: mykaarma.com/mercedes-benz-canada/
Attempts: 12 - Request URL: mykaarma.com/mykaarma-at-the-2016-lamarathon/
Attempts: 13 - Request URL: mykaarma.com/tag/repair/
Attempts: 14 - Request URL: mykaarma.com/tag/mdl/
Attempts: 15 - Request URL: mykaarma.com/tag/marathon/
Attempts: 16 - Request URL: mykaarma.com/tag/lexus/
Attempts: 17 - Request URL: mykaarma.com/tag/lexus-com/
Attempts: 18 - Request URL: mykaarma.com/tag/electronic-signature/
Attempts: 19 - Request URL: mykaarma.com/tag/customer-relationship-management/
Attempts: 20 - Request URL: mykaarma.com/tag/convenience/
Attempts: 21 - Request URL: mykaarma.com/tag/conant-automotive-group/
Attempts: 22 - Request URL: mykaarma.com/tag/chip-and-pin/
Attempts: 23 - Request URL: mykaarma.com/wp/wp-content/uploads/2015/10/drive.png
Attempts: 24 - Request URL: mykaarma.com/wp/wp-content/uploads/2016/03/headerM.png
Attempts: 25 - Request URL: mykaarma.com/wp/wp-content/uploads/2016/01/tool-2.png
Attempts: 26 - Request URL: mykaarma.com/wp/wp-content/uploads/2016/03/batching.png
Attempts: 27 - Request URL: mykaarma.com/tag/welcome/
Attempts: 28 - Request URL: mykaarma.com/welcome/photo-1465657031025-5c9e77ddf9ca/
