Attempts: 1 - Request URL: mykaarma.com/communications/know/
Attempts: 2 - Request URL: mykaarma.com/mykaarma/sonic/
Attempts: 3 - Request URL: mykaarma.com/mykaarma/amsi/
Attempts: 4 - Request URL: mykaarma.com/communications/follow-up-2/
Attempts: 5 - Request URL: mykaarma.com/mykaarma/mdl/
Attempts: 6 - Request URL: mykaarma.com/payments/icon-any-device/
Attempts: 7 - Request URL: mykaarma.com/payments/icon-payment/
Attempts: 8 - Request URL: mykaarma.com/mykaarma/autopoint-logo/
Attempts: 9 - Request URL: mykaarma.com/payments/header-payments-new/
Attempts: 10 - Request URL: mykaarma.com/payments/anypayment-2/
Attempts: 11 - Request URL: mykaarma.com/tablet/notify-2/
Attempts: 12 - Request URL: mykaarma.com/mykaarma/cdc8hfpywr/
Attempts: 13 - Request URL: mykaarma.com/communications/appointments/
Attempts: 14 - Request URL: mykaarma.com/communications/appointments-2/
Attempts: 15 - Request URL: mykaarma.com/payments/simple-2/
Attempts: 16 - Request URL: mykaarma.com/tablet/ataglance-2/
Attempts: 17 - Request URL: mykaarma.com/kaarma-tablet/
Attempts: 18 - Request URL: mykaarma.com/roland-quintana/
Attempts: 19 - Request URL: mykaarma.com/texting-%E2%89%A0-communications/
Attempts: 20 - Request URL: mykaarma.com/puttin-on-the-ritz/waiter-serving-a-meal-under-a-silver-cloche-or-dome/
Attempts: 21 - Request URL: mykaarma.com/wp/wp-content/uploads/2016/03/batching.png
