Attempts: 1 - Request URL: mykaarma.com/team/te:(562)%20287-5527
Attempts: 2 - Request URL: mykaarma.com/team/sms:(562)%20287-5527
Attempts: 3 - Request URL: mykaarma.com/5-way-increase-service-department-market-share/sms:(562)%20287-5527
Attempts: 4 - Request URL: mykaarma.com/5-way-increase-service-department-market-share/te:(562)%20287-5527
Attempts: 5 - Request URL: mykaarma.com/convenience-biggest-factor-increasing-service-revenue-retention/sms:(562)%20287-5527
Attempts: 6 - Request URL: mykaarma.com/convenience-biggest-factor-increasing-service-revenue-retention/te:(562)%20287-5527
Attempts: 7 - Request URL: mykaarma.com/te:(562)%20287-5527
Attempts: 8 - Request URL: mykaarma.com/sms:(562)%20287-5527
Attempts: 9 - Request URL: mykaarma.com/blog/te:(562)%20287-5527
Attempts: 10 - Request URL: mykaarma.com/blog/sms:(562)%20287-5527
Attempts: 11 - Request URL: mykaarma.com/?p=877
Attempts: 12 - Request URL: mykaarma.com/ujj-nath-are-your-service-advisors-overloaded/sms:(562)%20287-5527
Attempts: 13 - Request URL: mykaarma.com/ujj-nath-are-your-service-advisors-overloaded/te:(562)%20287-5527
Attempts: 14 - Request URL: mykaarma.com/mykaarma-launches-remote-repair-drop-off-service-for-auto-dealer-service-departments/sms:(562)%20287-5527
Attempts: 15 - Request URL: mykaarma.com/mykaarma-launches-remote-repair-drop-off-service-for-auto-dealer-service-departments/te:(562)%20287-5527
Attempts: 16 - Request URL: mykaarma.com/customer-interaction-app-enables-lexus-of-jacksonville-to-keep-service-department-running-during-massive-power-outage/sms:(562)%20287-5527
Attempts: 17 - Request URL: mykaarma.com/customer-interaction-app-enables-lexus-of-jacksonville-to-keep-service-department-running-during-massive-power-outage/te:(562)%20287-5527
Attempts: 18 - Request URL: mykaarma.com/your-service-competition-isnt-other-dealers-its-joe-across-the-street/te:(562)%20287-5527
Attempts: 19 - Request URL: mykaarma.com/your-service-competition-isnt-other-dealers-its-joe-across-the-street/sms:(562)%20287-5527
Attempts: 20 - Request URL: mykaarma.com/give-service-advisors-a-break-its-time-to-reduce-the-noise/te:(562)%20287-5527
Attempts: 21 - Request URL: mykaarma.com/give-service-advisors-a-break-its-time-to-reduce-the-noise/sms:(562)%20287-5527
Attempts: 22 - Request URL: mykaarma.com/products/communications/sms:(562)%20287-5527
Attempts: 23 - Request URL: mykaarma.com/products/communications/te:(562)%20287-5527
Attempts: 24 - Request URL: mykaarma.com/partners/te:(562)%20287-5527
Attempts: 25 - Request URL: mykaarma.com/partners/sms:(562)%20287-5527
Attempts: 26 - Request URL: mykaarma.com/products/tablet/sms:(562)%20287-5527
Attempts: 27 - Request URL: mykaarma.com/products/tablet/te:(562)%20287-5527
Attempts: 28 - Request URL: mykaarma.com/resources/sms:(562)%20287-5527
Attempts: 29 - Request URL: mykaarma.com/resources/te:(562)%20287-5527
Attempts: 30 - Request URL: mykaarma.com/positions/sms:(562)%20287-5527
Attempts: 31 - Request URL: mykaarma.com/positions/te:(562)%20287-5527
Attempts: 32 - Request URL: mykaarma.com/our-features/te:(562)%20287-5527
Attempts: 33 - Request URL: mykaarma.com/our-features/sms:(562)%20287-5527
Attempts: 34 - Request URL: mykaarma.com/webinars/sms:(562)%20287-5527
Attempts: 35 - Request URL: mykaarma.com/webinars/te:(562)%20287-5527
Attempts: 36 - Request URL: mykaarma.com/stop-the-lunacy/sms:(562)%20287-5527
Attempts: 37 - Request URL: mykaarma.com/stop-the-lunacy/te:(562)%20287-5527
Attempts: 38 - Request URL: mykaarma.com/genuine-systematic-followup/te:(562)%20287-5527
Attempts: 39 - Request URL: mykaarma.com/genuine-systematic-followup/sms:(562)%20287-5527
Attempts: 40 - Request URL: mykaarma.com/3-things-pay-attention/sms:(562)%20287-5527
Attempts: 41 - Request URL: mykaarma.com/3-things-pay-attention/te:(562)%20287-5527
Attempts: 42 - Request URL: mykaarma.com/the-customers-time-is-not-yours-so-stop-thinking-it-is/te:(562)%20287-5527
Attempts: 43 - Request URL: mykaarma.com/the-customers-time-is-not-yours-so-stop-thinking-it-is/sms:(562)%20287-5527
Attempts: 44 - Request URL: mykaarma.com/oems-give-dealers-autonomy/sms:(562)%20287-5527
Attempts: 45 - Request URL: mykaarma.com/oems-give-dealers-autonomy/te:(562)%20287-5527
Attempts: 46 - Request URL: mykaarma.com/wake-smell-disruption/te:(562)%20287-5527
Attempts: 47 - Request URL: mykaarma.com/wake-smell-disruption/sms:(562)%20287-5527
Attempts: 48 - Request URL: mykaarma.com/ujj-nath-unconventional-idea/te:(562)%20287-5527
Attempts: 49 - Request URL: mykaarma.com/ujj-nath-unconventional-idea/sms:(562)%20287-5527
Attempts: 50 - Request URL: mykaarma.com/proper-choice-communication-key-customer-satisfaction/sms:(562)%20287-5527
Attempts: 51 - Request URL: mykaarma.com/proper-choice-communication-key-customer-satisfaction/te:(562)%20287-5527
Attempts: 52 - Request URL: mykaarma.com/demo/te:(562)%20287-5527
Attempts: 53 - Request URL: mykaarma.com/demo/sms:(562)%20287-5527
Attempts: 54 - Request URL: mykaarma.com/our-story/te:(562)%20287-5527
Attempts: 55 - Request URL: mykaarma.com/our-story/sms:(562)%20287-5527
Attempts: 56 - Request URL: mykaarma.com/products/payments/sms:(562)%20287-5527
Attempts: 57 - Request URL: mykaarma.com/products/payments/te:(562)%20287-5527
Attempts: 58 - Request URL: mykaarma.com/category/mykaarma-news/sms:(562)%20287-5527
Attempts: 59 - Request URL: mykaarma.com/category/mykaarma-news/te:(562)%20287-5527
Attempts: 60 - Request URL: mykaarma.com/category/industry-news/te:(562)%20287-5527
Attempts: 61 - Request URL: mykaarma.com/category/industry-news/sms:(562)%20287-5527
Attempts: 62 - Request URL: mykaarma.com/category/opinions/sms:(562)%20287-5527
Attempts: 63 - Request URL: mykaarma.com/category/opinions/te:(562)%20287-5527
Attempts: 64 - Request URL: mykaarma.com/category/tips-tricks/te:(562)%20287-5527
Attempts: 65 - Request URL: mykaarma.com/category/tips-tricks/sms:(562)%20287-5527
Attempts: 66 - Request URL: mykaarma.com/company/sms:(562)%20287-5527
Attempts: 67 - Request URL: mykaarma.com/company/te:(562)%20287-5527
Attempts: 68 - Request URL: mykaarma.com/testimonials/sms:(562)%20287-5527
Attempts: 69 - Request URL: mykaarma.com/testimonials/te:(562)%20287-5527
Attempts: 70 - Request URL: mykaarma.com/the-shuttle-has-left-the-building-maybe/sms:(562)%20287-5527
Attempts: 71 - Request URL: mykaarma.com/the-shuttle-has-left-the-building-maybe/te:(562)%20287-5527
Attempts: 72 - Request URL: mykaarma.com/ujj-nath-effective-communications-with-recall-customers/te:(562)%20287-5527
Attempts: 73 - Request URL: mykaarma.com/ujj-nath-effective-communications-with-recall-customers/sms:(562)%20287-5527
Attempts: 74 - Request URL: mykaarma.com/texting-is-not-equal-to-communication/te:(562)%20287-5527
Attempts: 75 - Request URL: mykaarma.com/texting-is-not-equal-to-communication/sms:(562)%20287-5527
Attempts: 76 - Request URL: mykaarma.com/dont-get-distracted-by-the-shiny-objects/sms:(562)%20287-5527
Attempts: 77 - Request URL: mykaarma.com/dont-get-distracted-by-the-shiny-objects/te:(562)%20287-5527
Attempts: 78 - Request URL: mykaarma.com/puttin-on-the-ritz/te:(562)%20287-5527
Attempts: 79 - Request URL: mykaarma.com/puttin-on-the-ritz/sms:(562)%20287-5527
Attempts: 80 - Request URL: mykaarma.com/testimonials/page/2/te:(562)%20287-5527
Attempts: 81 - Request URL: mykaarma.com/testimonials/page/2/sms:(562)%20287-5527
