Attempts: 1 - Request URL: mykaarma.com/new-product-news-at-mykaarma/int-comm-2/
Attempts: 2 - Request URL: mykaarma.com/wp/wp-content/uploads/2015/10/mission-1.png
Attempts: 3 - Request URL: mykaarma.com/wp/wp-content/uploads/2016/03/appicon_admin.png
Attempts: 4 - Request URL: mykaarma.com/wp/wp-content/uploads/2015/10/culture-1.png
Attempts: 5 - Request URL: mykaarma.com/wp/wp-content/uploads/2016/10/rci_cert-original.png
Attempts: 6 - Request URL: mykaarma.com/tag/electronic-signature/
Attempts: 7 - Request URL: mykaarma.com/mykaarma-mdl-automation-announce-partnership-integration/
Attempts: 8 - Request URL: mykaarma.com/nada-deals/
Attempts: 9 - Request URL: mykaarma.com/tag/write-it-right/
Attempts: 10 - Request URL: mykaarma.com/payment-information-update/
Attempts: 11 - Request URL: mykaarma.com/insights/
Attempts: 12 - Request URL: mykaarma.com/position-category/engineering/
Attempts: 13 - Request URL: mykaarma.com/customers-arent-gonna-take-anymore/
Attempts: 14 - Request URL: mykaarma.com/position-category/operations/
Attempts: 15 - Request URL: mykaarma.com/animesh/
Attempts: 16 - Request URL: mykaarma.com/tag/self-cashiering/
Attempts: 17 - Request URL: mykaarma.com/tag/software/
Attempts: 18 - Request URL: mykaarma.com/post_format-sitemap.xml
Attempts: 19 - Request URL: mykaarma.com/2016/11/28/
Attempts: 20 - Request URL: mykaarma.com/2016/03/05/
Attempts: 21 - Request URL: mykaarma.com/mykaarma-now-offers-free-unlimited-text-messaging/
Attempts: 22 - Request URL: mykaarma.com/2013/01/12/
Attempts: 23 - Request URL: mykaarma.com/4-write-it-right-tips-to-car-repair/
Attempts: 24 - Request URL: mykaarma.com/customer-interaction-app-enables-lexus-jacksonville-keep-service-department-running-massive-power-outage/
