Attempts: 1 - Request URL: mykaarma.com/mykaarma-launches-remote-repair-drop-off-service-auto-dealer-service-departments/
Attempts: 2 - Request URL: mykaarma.com/2016/07/21/
Attempts: 3 - Request URL: mykaarma.com/what-you-should-be-doing-to-improve-your-service-drive/
Attempts: 4 - Request URL: mykaarma.com/shuttle-left-building-maybe/
Attempts: 5 - Request URL: mykaarma.com/tag/time-management/
Attempts: 6 - Request URL: mykaarma.com/thank-contacting-us/
Attempts: 7 - Request URL: mykaarma.com/our-company/jobs-2/
Attempts: 8 - Request URL: mykaarma.com/bmw-price-quote/
Attempts: 9 - Request URL: mykaarma.com/tag/transaction/
Attempts: 10 - Request URL: mykaarma.com/2013/10/20/
Attempts: 11 - Request URL: mykaarma.com/2014/11/12/
Attempts: 12 - Request URL: mykaarma.com/mykaarma-story
Attempts: 13 - Request URL: mykaarma.com/mykaarma-mdl-automation-announce-partnership-integration/mdlmykaarma/
Attempts: 14 - Request URL: mykaarma.com/our-company/
Attempts: 15 - Request URL: mykaarma.com/death-of-the-gui/
Attempts: 16 - Request URL: mykaarma.com/wp/wp-content/uploads/2016/01/ataglance-1.png
Attempts: 17 - Request URL: mykaarma.com/wp/wp-content/uploads/2015/10/mykaarma-tablet.jpg
Attempts: 18 - Request URL: mykaarma.com/mercedes-benz-canada/
Attempts: 19 - Request URL: mykaarma.com/wp-content/themes/kaarma/fonts/glyphicons-halflings-regular.svg
Attempts: 20 - Request URL: mykaarma.com/wp-content/themes/kaarma/fonts/glyphicons-halflings-regular.ttf
