Attempts: 1 - Request URL: allstarmagazinesubscriptions.com/used.php
Attempts: 2 - Request URL: allstarmagazinesubscriptions.com/Oxcdnv.php
Attempts: 3 - Request URL: allstarmagazinesubscriptions.com/an$$99.php
Attempts: 4 - Request URL: allstarmagazinesubscriptions.com/bcvnmx.php
Attempts: 5 - Request URL: allstarmagazinesubscriptions.com/Evnsjg.php
Attempts: 6 - Request URL: allstarmagazinesubscriptions.com/Boyces.php
Attempts: 7 - Request URL: allstarmagazinesubscriptions.com/mide.php
Attempts: 8 - Request URL: allstarmagazinesubscriptions.com/Ucsdva.php
Attempts: 9 - Request URL: allstarmagazinesubscriptions.com/ob.php
Attempts: 10 - Request URL: allstarmagazinesubscriptions.com/Uncdsx.php
Attempts: 11 - Request URL: allstarmagazinesubscriptions.com/Tmcnva.php
Attempts: 12 - Request URL: allstarmagazinesubscriptions.com/bdhbjs.php
Attempts: 13 - Request URL: allstarmagazinesubscriptions.com/Xuinvc.php
Attempts: 14 - Request URL: allstarmagazinesubscriptions.com/Keiths.php
Attempts: 15 - Request URL: allstarmagazinesubscriptions.com/moa.php
Attempts: 16 - Request URL: allstarmagazinesubscriptions.com/404.php
Attempts: 17 - Request URL: allstarmagazinesubscriptions.com/Wdgvx.php
Attempts: 18 - Request URL: allstarmagazinesubscriptions.com/Mgxun.php
Attempts: 19 - Request URL: allstarmagazinesubscriptions.com/Jshvasg.php
Attempts: 20 - Request URL: allstarmagazinesubscriptions.com/Hxnbfa.php
