Attempts: 1 - Request URL: mykaarma.com/wp/wp-content/themes/kaarma/css/meanmenu.css?ver=4.7
Attempts: 2 - Request URL: mykaarma.com/wp/wp-content/libs/slick/slick.min.js
Attempts: 3 - Request URL: mykaarma.com/wp/wp-content/plugins/polls-widget/fornt_end/scripts/scripts_front_end_poll.js?ver=4.7
Attempts: 4 - Request URL: mykaarma.com/wp/wp-content/themes/kaarma/js/custom-two.js?ver=4.7
Attempts: 5 - Request URL: mykaarma.com/wp/wp-content/themes/kaarma/js/waypoints.js?ver=4.7
Attempts: 6 - Request URL: mykaarma.com/wp/wp-includes/js/wp-embed.min.js?ver=4.7
Attempts: 7 - Request URL: mykaarma.com/wp/wp-content/themes/kaarma/css/bootstrap.min.css?ver=4.7
Attempts: 8 - Request URL: mykaarma.com/wp/wp-content/themes/kaarma/js/seiyria-bootstrap-slider/dist/css/bootstrap-slider.min.css?ver=4.7
Attempts: 9 - Request URL: mykaarma.com/wp/wp-content/themes/kaarma/css/animate.css?ver=4.7
Attempts: 10 - Request URL: mykaarma.com/wp/wp-content/themes/kaarma/css/custom.css?ver=4.7
Attempts: 11 - Request URL: mykaarma.com/wp/wp-content/plugins/polls-widget/fornt_end/styles/baze_styles_for_poll.css?ver=4.7
Attempts: 12 - Request URL: mykaarma.com/wp/wp-content/plugins/jetpack/css/jetpack.css?ver=4.4.2
Attempts: 13 - Request URL: mykaarma.com/wp/wp-content/plugins/contact-form-7/includes/js/scripts.js?ver=4.6
Attempts: 14 - Request URL: mykaarma.com/wp/wp-content/plugins/contact-form-7/includes/css/styles.css?ver=4.6
Attempts: 15 - Request URL: mykaarma.com/wp/wp-content/themes/kaarma/js/seiyria-bootstrap-slider/dist/css/bootstrap-slider.min.css?ver=4.7.3
Attempts: 16 - Request URL: mykaarma.com/wp/wp-content/themes/kaarma/css/animate.css?ver=4.7.3
Attempts: 17 - Request URL: mykaarma.com/wp/wp-includes/js/wp-embed.min.js?ver=4.7.3
Attempts: 18 - Request URL: mykaarma.com/wp/wp-content/themes/kaarma/js/custom-two.js?ver=4.7.3
Attempts: 19 - Request URL: mykaarma.com/wp/wp-content/themes/kaarma/css/responsive.css?ver=4.7.3
Attempts: 20 - Request URL: mykaarma.com/wp/wp-content/themes/kaarma/js/bootstrap.min.js?ver=4.7.3
Attempts: 21 - Request URL: mykaarma.com/wp/wp-content/themes/kaarma/js/custom.js?ver=4.7.3
Attempts: 22 - Request URL: mykaarma.com/wp/wp-content/plugins/wp-gotowebinar/inc/script.js?ver=1
Attempts: 23 - Request URL: mykaarma.com/wp/wp-content/themes/kaarma/css/custom.css?ver=4.7.3
Attempts: 24 - Request URL: mykaarma.com/wp/wp-content/plugins/jetpack/css/jetpack.css?ver=4.7.1
Attempts: 25 - Request URL: mykaarma.com/wp/wp-content/themes/kaarma/css/meanmenu.css?ver=4.7.3
