Attempts: 1 - Request URL: mykaarma.com/wp/wp-content/uploads/2016/04/features.png
Attempts: 2 - Request URL: mykaarma.com/sales-operations/
Attempts: 3 - Request URL: mykaarma.com/search-2
Attempts: 4 - Request URL: mykaarma.com/wp/wp-content/uploads/2016/12/Blog-image-12-5.jpg
Attempts: 5 - Request URL: mykaarma.com/wp/wp-content/uploads/2017/01/Diamonds.jpg
Attempts: 6 - Request URL: mykaarma.com/company/health/
Attempts: 7 - Request URL: mykaarma.com/new-fcc-rules/
Attempts: 8 - Request URL: mykaarma.com/mykaarma/home-page-image-2/
Attempts: 9 - Request URL: mykaarma.com/logo_my-light-3/
Attempts: 10 - Request URL: mykaarma.com/wp/wp-content/uploads/2015/10/fletcher-jones-logo.png
Attempts: 11 - Request URL: mykaarma.com/mykaarma-at-the-2016-lamarathon/20160214_101659/
Attempts: 12 - Request URL: mykaarma.com/?p=1875
Attempts: 13 - Request URL: mykaarma.com/mykaarma-at-the-2016-lamarathon/20160213_153432/
Attempts: 14 - Request URL: mykaarma.com/mbcanada-price-quote/
Attempts: 15 - Request URL: mykaarma.com/wp/wp-content/uploads/2017/01/Diamonds-1024x655.jpg
Attempts: 16 - Request URL: mykaarma.com/r-p-crm/deadcrm/
Attempts: 17 - Request URL: mykaarma.com/2016/11/28/
Attempts: 18 - Request URL: mykaarma.com/nada2017/
Attempts: 19 - Request URL: mykaarma.com/payments/header-payments/
Attempts: 20 - Request URL: mykaarma.com/mykaarma-at-nada2016/slack-for-ios-upload-1/
Attempts: 21 - Request URL: mykaarma.com/open-position/account-executive-inside-sales/
Attempts: 22 - Request URL: mykaarma.com/nada-demo/
Attempts: 23 - Request URL: mykaarma.com/company/vacation/
Attempts: 24 - Request URL: mykaarma.com/new-product-news-at-mykaarma/e-isg-2/
Attempts: 25 - Request URL: mykaarma.com/communications/camera-2/
Attempts: 26 - Request URL: mykaarma.com/wp/wp-content/uploads/2016/01/invoice.png
Attempts: 27 - Request URL: mykaarma.com/mykaarma-at-nada2016/img_20160402_091010/
