Attempts: 1 - Request URL: mykaarma.com/tag/oem/
Attempts: 2 - Request URL: mykaarma.com/tag/electronic-signature/
Attempts: 3 - Request URL: mykaarma.com/mykaarma-at-the-2016-lamarathon/amp/
Attempts: 4 - Request URL: mykaarma.com/wp/wp-content/themes/kaarma/js/count-up.js?ver=4.6.1
Attempts: 5 - Request URL: mykaarma.com/wp/wp-includes/js/jquery/jquery.js?ver=1.12.4
Attempts: 6 - Request URL: mykaarma.com/wp/wp-content/themes/kaarma/css/responsive.css?ver=4.6.1
Attempts: 7 - Request URL: mykaarma.com/wp/wp-content/themes/kaarma/style.css?ver=4.6.1
Attempts: 8 - Request URL: mykaarma.com/wp/wp-content/themes/kaarma/js/waypoints.js?ver=4.6.1
Attempts: 9 - Request URL: mykaarma.com/wp/wp-content/plugins/easy-smooth-scroll/assets/SmoothScroll.min.js?ver=1.0.0.0
Attempts: 10 - Request URL: mykaarma.com/wp/wp-content/themes/kaarma/js/navigation.js?ver=20120206
Attempts: 11 - Request URL: mykaarma.com/wp/wp-includes/js/wp-embed.min.js?ver=4.6.1
Attempts: 12 - Request URL: mykaarma.com/tag/bmw/wp/wp-content/libs/slick/slick.min.js
Attempts: 13 - Request URL: mykaarma.com/wp/wp-content/themes/kaarma/css/bootstrap.min.css?ver=4.6.1
Attempts: 14 - Request URL: mykaarma.com/wp/wp-content/themes/kaarma/css/meanmenu.css?ver=4.6.1
Attempts: 15 - Request URL: mykaarma.com/wp/wp-content/plugins/contact-form-7/includes/css/styles.css?ver=4.5.1
Attempts: 16 - Request URL: mykaarma.com/wp/wp-content/themes/kaarma/css/custom.css?ver=4.6.1
Attempts: 17 - Request URL: mykaarma.com/wp/wp-includes/js/jquery/jquery-migrate.min.js?ver=1.4.1
Attempts: 18 - Request URL: mykaarma.com/wp/wp-content/plugins/contact-form-7/includes/js/jquery.form.min.js?ver=3.51.0-2014.06.20
Attempts: 19 - Request URL: mykaarma.com/wp/wp-content/plugins/jetpack/css/jetpack.css?ver=4.3.2
Attempts: 20 - Request URL: mykaarma.com/wp/wp-content/themes/kaarma/js/bootstrap.min.js?ver=4.6.1
Attempts: 21 - Request URL: mykaarma.com/wp/wp-content/themes/kaarma/js/seiyria-bootstrap-slider/dist/css/bootstrap-slider.min.css?ver=4.6.1
Attempts: 22 - Request URL: mykaarma.com/wp/wp-content/plugins/contact-form-7/includes/js/scripts.js?ver=4.5.1
Attempts: 23 - Request URL: mykaarma.com/wp/wp-content/themes/kaarma/css/animate.css?ver=4.6.1
