Attempts: 1 - Request URL: mykaarma.com/if-there-were-only-more-time/
Attempts: 2 - Request URL: mykaarma.com/tag/los-angeles/
Attempts: 3 - Request URL: mykaarma.com/tag/amazon/
Attempts: 4 - Request URL: mykaarma.com/tag/car-service/
Attempts: 5 - Request URL: mykaarma.com/mykaarma-named-official-platform-for-bmw/
Attempts: 6 - Request URL: mykaarma.com/author/kevin-farina/
Attempts: 7 - Request URL: mykaarma.com/mykaarma-at-nada2016/
Attempts: 8 - Request URL: mykaarma.com/tag/fixed-ops/
Attempts: 9 - Request URL: mykaarma.com/mykaarma-receives-top-tier-nps-score-82/
Attempts: 10 - Request URL: mykaarma.com/tag/customer-service/
Attempts: 11 - Request URL: mykaarma.com/open-position/
Attempts: 12 - Request URL: mykaarma.com/daily-weekly-usage-reports/
Attempts: 13 - Request URL: mykaarma.com/tag/dealership/
Attempts: 14 - Request URL: mykaarma.com/tag/online-bill-pay/
Attempts: 15 - Request URL: mykaarma.com/tag/pickup/
Attempts: 16 - Request URL: mykaarma.com/status-inapp/
Attempts: 17 - Request URL: mykaarma.com/open-position/accounting-controller/acct-controller/
Attempts: 18 - Request URL: mykaarma.com/mykaarma/interaction/
Attempts: 19 - Request URL: mykaarma.com/mykaarma/galpin-logo/
Attempts: 20 - Request URL: mykaarma.com/wp/wp-content/uploads/2015/10/customercanpayonline.png
Attempts: 21 - Request URL: mykaarma.com/open-position/analytics-intern-10-20-hours-per-week/
