Attempts: 1 - Request URL: mykaarma.com/wp/wp-content/uploads/2016/06/cropped-appicon_admin_mykaarma-com-3.png
Attempts: 2 - Request URL: mykaarma.com/tag/kaarma/
Attempts: 3 - Request URL: mykaarma.com/tag/repair/
Attempts: 4 - Request URL: mykaarma.com/our-company/mission-2/
Attempts: 5 - Request URL: mykaarma.com/tag/convenience/
Attempts: 6 - Request URL: mykaarma.com/tag/conant-automotive-group/
Attempts: 7 - Request URL: mykaarma.com/2016/12/08/
Attempts: 8 - Request URL: mykaarma.com/tag/chip-and-pin/
Attempts: 9 - Request URL: mykaarma.com/tag/bmw-supplier/
Attempts: 10 - Request URL: mykaarma.com/2016/03/05/
Attempts: 11 - Request URL: mykaarma.com/welcome/photo-1465657031025-5c9e77ddf9ca/
Attempts: 12 - Request URL: mykaarma.com/tag/marathon/
Attempts: 13 - Request URL: mykaarma.com/type/image/
Attempts: 14 - Request URL: mykaarma.com/r-p-crm/
Attempts: 15 - Request URL: mykaarma.com/position-category/operations/
Attempts: 16 - Request URL: mykaarma.com/position-category/engineering/
Attempts: 17 - Request URL: mykaarma.com/tag/repair/
Attempts: 18 - Request URL: mykaarma.com/give-service-advisors-break-time-reduce-noise/
Attempts: 19 - Request URL: mykaarma.com/how-not-using-mobile-payments-can-cost-your-dealership-5000/
Attempts: 20 - Request URL: mykaarma.com/customer-interaction-app-enables-lexus-jacksonville-keep-service-department-running-massive-power-outage/
Attempts: 21 - Request URL: mykaarma.com/tag/mdl/
Attempts: 22 - Request URL: mykaarma.com/communications/faster-image/
Attempts: 23 - Request URL: mykaarma.com/tag/lexus/
Attempts: 24 - Request URL: mykaarma.com/tag/lexus-com/
Attempts: 25 - Request URL: mykaarma.com/tag/electronic-signature/
Attempts: 26 - Request URL: mykaarma.com/mykaarma-at-the-2016-lamarathon/
Attempts: 27 - Request URL: mykaarma.com/?p=877
Attempts: 28 - Request URL: mykaarma.com/mercedes-benz-canada/
Attempts: 29 - Request URL: mykaarma.com/tag/customer-relationship-management/
