Attempts: 1 - Request URL: mykaarma.com/interview-with-chris-barthel-head-of-fixed-operations-for-the-conant-automotive-group/
Attempts: 2 - Request URL: mykaarma.com/wp/wp-content/plugins/cf7-conditional-fields/style.css?ver=1.1
Attempts: 3 - Request URL: mykaarma.com/wp/wp-content/themes/kaarma/js/seiyria-bootstrap-slider/dist/css/bootstrap-slider.min.css?ver=4.7.3
Attempts: 4 - Request URL: mykaarma.com/wp/wp-content/themes/kaarma/js/count-up.js?ver=4.7.3
Attempts: 5 - Request URL: mykaarma.com/wp/wp-content/plugins/wp-gotowebinar/inc/script.js?ver=1
Attempts: 6 - Request URL: mykaarma.com/wp/wp-content/themes/kaarma/css/responsive.css?ver=4.7.3
Attempts: 7 - Request URL: mykaarma.com/wp/wp-content/plugins/contact-form-7/includes/js/scripts.js?ver=4.7
Attempts: 8 - Request URL: mykaarma.com/wp/wp-content/themes/kaarma/js/custom.js?ver=4.7.3
Attempts: 9 - Request URL: mykaarma.com/wp/wp-content/plugins/easy-smooth-scroll/assets/SmoothScroll.min.js?ver=1.0.0.0
Attempts: 10 - Request URL: mykaarma.com/wp/wp-content/plugins/cf7-conditional-fields/js/scripts.js?ver=1.1
Attempts: 11 - Request URL: mykaarma.com/wp/wp-content/themes/kaarma/css/custom.css?ver=4.7.3
Attempts: 12 - Request URL: mykaarma.com/wp/wp-content/plugins/page-links-to/js/new-tab.min.js?ver=2.9.8
Attempts: 13 - Request URL: mykaarma.com/wp/wp-content/themes/kaarma/js/jquery.meanmenu.js?ver=4.7.3
Attempts: 14 - Request URL: mykaarma.com/wp/wp-content/plugins/polls-widget/fornt_end/styles/baze_styles_for_poll.css?ver=4.7.3
Attempts: 15 - Request URL: mykaarma.com/wp/wp-content/themes/kaarma/js/custom-two.js?ver=4.7.3
Attempts: 16 - Request URL: mykaarma.com/wp/wp-content/themes/kaarma/style.css?ver=4.7.3
Attempts: 17 - Request URL: mykaarma.com/wp/wp-content/plugins/polls-widget/fornt_end/scripts/scripts_front_end_poll.js?ver=4.7.3
Attempts: 18 - Request URL: mykaarma.com/wp/wp-content/themes/kaarma/js/skip-link-focus-fix.js?ver=20130115
Attempts: 19 - Request URL: mykaarma.com/wp/wp-content/themes/kaarma/css/font-awesome.min.css?ver=4.7.3
Attempts: 20 - Request URL: mykaarma.com/wp/wp-content/plugins/wp-gotowebinar/inc/style.css?ver=4.7.3
Attempts: 21 - Request URL: mykaarma.com/wp/wp-content/uploads/2015/10/integration.png
