Attempts: 1 - Request URL: mykaarma.com/company/jobs/
Attempts: 2 - Request URL: mykaarma.com/wp/wp-content/uploads/2016/01/appicon_512x512@2x.png
Attempts: 3 - Request URL: mykaarma.com/mykaarma/galpin-logo/
Attempts: 4 - Request URL: mykaarma.com/mykaarma/tied-down/
Attempts: 5 - Request URL: mykaarma.com/tag/convention/
Attempts: 6 - Request URL: mykaarma.com/payments/anytime-2/
Attempts: 7 - Request URL: mykaarma.com/teams-3/
Attempts: 8 - Request URL: mykaarma.com/payments/img-customer-experience/
Attempts: 9 - Request URL: mykaarma.com/communications/header-comms/
Attempts: 10 - Request URL: mykaarma.com/tablet/simple-4/
Attempts: 11 - Request URL: mykaarma.com/payments/anydevice-2/
Attempts: 12 - Request URL: mykaarma.com/mykaarma/img-payment/
Attempts: 13 - Request URL: mykaarma.com/communications/icon-voice/
Attempts: 14 - Request URL: mykaarma.com/communications/know-4/
Attempts: 15 - Request URL: mykaarma.com/mykaarma/tablet-4/
Attempts: 16 - Request URL: mykaarma.com/communications/img-customer-experience-2/
Attempts: 17 - Request URL: mykaarma.com/new-product-news-at-mykaarma/int-comm-2/
Attempts: 18 - Request URL: mykaarma.com/communications/icon-text/
Attempts: 19 - Request URL: mykaarma.com/mykaarma/galpinmotors/
Attempts: 20 - Request URL: mykaarma.com/mykaarma/cfs-logo/
Attempts: 21 - Request URL: mykaarma.com/payments/mykaarma-tablet/
Attempts: 22 - Request URL: mykaarma.com/welcome-2/
Attempts: 23 - Request URL: mykaarma.com/single-page-image/
Attempts: 24 - Request URL: mykaarma.com/if-you-measure-it-it-will-improve/
Attempts: 25 - Request URL: mykaarma.com/communications/check-in-3/
Attempts: 26 - Request URL: mykaarma.com/payments/anydevice-3/
Attempts: 27 - Request URL: mykaarma.com/payments/payements/
Attempts: 28 - Request URL: mykaarma.com/wp/wp-content/uploads/2016/01/appicon_512x512@2x.png
Attempts: 29 - Request URL: mykaarma.com/tablet/tool/
