Attempts: 1 - Request URL: mykaarma.com/xcqfyezm.htm
Attempts: 2 - Request URL: mykaarma.com/dump.sql
Attempts: 3 - Request URL: mykaarma.com/database.sql
Attempts: 4 - Request URL: mykaarma.com/1.sql
Attempts: 5 - Request URL: mykaarma.com/backup.sql
Attempts: 6 - Request URL: mykaarma.com/data.sql
Attempts: 7 - Request URL: mykaarma.com/db_backup.sql
Attempts: 8 - Request URL: mykaarma.com/dbdump.sql
Attempts: 9 - Request URL: mykaarma.com/db.sql
Attempts: 10 - Request URL: mykaarma.com/localhost.sql
Attempts: 11 - Request URL: mykaarma.com/mysql.sql
Attempts: 12 - Request URL: mykaarma.com/site.sql
Attempts: 13 - Request URL: mykaarma.com/sql.sql
Attempts: 14 - Request URL: mykaarma.com/temp.sql
Attempts: 15 - Request URL: mykaarma.com/users.sql
Attempts: 16 - Request URL: mykaarma.com/translate.sql
Attempts: 17 - Request URL: mykaarma.com/mysqldump.sql
Attempts: 18 - Request URL: mykaarma.com/qebcpziz.htm
Attempts: 19 - Request URL: mykaarma.com/dump.sql
Attempts: 20 - Request URL: mykaarma.com/database.sql
Attempts: 21 - Request URL: mykaarma.com/1.sql
Attempts: 22 - Request URL: mykaarma.com/backup.sql
Attempts: 23 - Request URL: mykaarma.com/data.sql
Attempts: 24 - Request URL: mykaarma.com/db_backup.sql
Attempts: 25 - Request URL: mykaarma.com/dbdump.sql
Attempts: 26 - Request URL: mykaarma.com/db.sql
Attempts: 27 - Request URL: mykaarma.com/localhost.sql
Attempts: 28 - Request URL: mykaarma.com/mysql.sql
Attempts: 29 - Request URL: mykaarma.com/site.sql
Attempts: 30 - Request URL: mykaarma.com/sql.sql
Attempts: 31 - Request URL: mykaarma.com/temp.sql
Attempts: 32 - Request URL: mykaarma.com/users.sql
Attempts: 33 - Request URL: mykaarma.com/translate.sql
Attempts: 34 - Request URL: mykaarma.com/mysqldump.sql
