Attempts: 1 - Request URL: mykaarma.com/wp-content/themes/kaarma/fonts/glyphicons-halflings-regular.eot
Attempts: 2 - Request URL: mykaarma.com/wp-content/themes/kaarma/fonts/glyphicons-halflings-regular.eot?
Attempts: 3 - Request URL: mykaarma.com/wp-content/themes/kaarma/fonts/glyphicons-halflings-regular.woff2
Attempts: 4 - Request URL: mykaarma.com/wp-content/themes/kaarma/fonts/glyphicons-halflings-regular.woff
Attempts: 5 - Request URL: mykaarma.com/wp-content/themes/kaarma/fonts/glyphicons-halflings-regular.ttf
Attempts: 6 - Request URL: mykaarma.com/wp-content/themes/kaarma/fonts/glyphicons-halflings-regular.svg
Attempts: 7 - Request URL: mykaarma.com/wp-content/themes/kaarma/img/nucleo-icon-1.svg
Attempts: 8 - Request URL: mykaarma.com/wp-content/themes/kaarma/img/nucleo-icon-2.svg
Attempts: 9 - Request URL: mykaarma.com/wp-content/themes/kaarma/img/nucleo-icon-3.svg
Attempts: 10 - Request URL: mykaarma.com/wp-content/themes/kaarma/img/nucleo-icon-4.svg
Attempts: 11 - Request URL: mykaarma.com/wp-content/themes/kaarma/img/nucleo-icon-5.svg
Attempts: 12 - Request URL: mykaarma.com/wp-content/themes/kaarma/img/nucleo-icon-6.svg
Attempts: 13 - Request URL: mykaarma.com/wp-content/themes/kaarma/img/nucleo-icon-7.svg
Attempts: 14 - Request URL: mykaarma.com/wp-content/themes/kaarma/img/nucleo-icon-8.svg
Attempts: 15 - Request URL: mykaarma.com/wp-content/themes/kaarma/img/nucleo-icon-9.svg
Attempts: 16 - Request URL: mykaarma.com/wp-content/themes/kaarma/img/nucleo-icon-10.svg
Attempts: 17 - Request URL: mykaarma.com/wp-content/themes/kaarma/img/nucleo-icon-11.svg
Attempts: 18 - Request URL: mykaarma.com/wp-content/themes/kaarma/img/nucleo-icon-12.svg
Attempts: 19 - Request URL: mykaarma.com/wp-content/themes/kaarma/css/grabbing.png
Attempts: 20 - Request URL: mykaarma.com/wp-content/themes/kaarma/css/AjaxLoader.gif
Attempts: 21 - Request URL: mykaarma.com/wp-content/themes/kaarma/images/bg-nav-ho.jpg
Attempts: 22 - Request URL: mykaarma.com/wp-content/plugins/cardoza-wordpress-poll/public/css/images/ui-icons_222222_256x240.png
Attempts: 23 - Request URL: mykaarma.com/wp-content/plugins/cardoza-wordpress-poll/public/css/images/ui-icons_888888_256x240.png
Attempts: 24 - Request URL: mykaarma.com/wp-content/plugins/cardoza-wordpress-poll/public/css/images/ui-icons_454545_256x240.png
Attempts: 25 - Request URL: mykaarma.com/wp-content/plugins/cardoza-wordpress-poll/public/css/images/ui-icons_2e83ff_256x240.png
Attempts: 26 - Request URL: mykaarma.com/wp-content/plugins/cardoza-wordpress-poll/public/css/images/ui-icons_cd0a0a_256x240.png
