Attempts: 1 - Request URL: mykaarma.com/search-2
Attempts: 2 - Request URL: mykaarma.com/wp/wp-content/uploads/2016/03/voicemail.png
Attempts: 3 - Request URL: mykaarma.com/wp/wp-content/themes/kaarma/style.css?ver=4.7.2
Attempts: 4 - Request URL: mykaarma.com/wp/wp-content/themes/kaarma/js/waypoints.js?ver=4.7.2
Attempts: 5 - Request URL: mykaarma.com/wp/wp-content/themes/kaarma/css/animate.css?ver=4.7.2
Attempts: 6 - Request URL: mykaarma.com/wp/wp-content/themes/kaarma/js/jquery.meanmenu.js?ver=4.7.2
Attempts: 7 - Request URL: mykaarma.com/wp/wp-content/plugins/jetpack/css/jetpack.css?ver=4.5
Attempts: 8 - Request URL: mykaarma.com/wp/wp-content/plugins/cf7-conditional-fields/js/scripts.js?ver=1.0
Attempts: 9 - Request URL: mykaarma.com/wp/wp-content/themes/kaarma/js/bootstrap.min.js?ver=4.6.1
Attempts: 10 - Request URL: mykaarma.com/wp/wp-content/plugins/contact-form-7/includes/js/scripts.js?ver=4.5.1
Attempts: 11 - Request URL: mykaarma.com/wp/wp-content/libs/slick/slick.min.js
Attempts: 12 - Request URL: mykaarma.com/wp/wp-content/plugins/polls-widget/fornt_end/scripts/scripts_front_end_poll.js?ver=4.6.1
Attempts: 13 - Request URL: mykaarma.com/wp/wp-content/themes/kaarma/js/navigation.js?ver=20120206
Attempts: 14 - Request URL: mykaarma.com/wp/wp-includes/js/jquery/jquery.js?ver=1.12.4
Attempts: 15 - Request URL: mykaarma.com/wp/wp-content/themes/kaarma/css/animate.css?ver=4.6.1
Attempts: 16 - Request URL: mykaarma.com/wp/wp-content/plugins/jetpack/css/jetpack.css?ver=4.3.2
Attempts: 17 - Request URL: mykaarma.com/wp/wp-content/themes/kaarma/css/bootstrap.min.css?ver=4.7.1
Attempts: 18 - Request URL: mykaarma.com/wp/wp-content/themes/kaarma/css/custom.css?ver=4.7.1
Attempts: 19 - Request URL: mykaarma.com/wp/wp-content/themes/kaarma/css/meanmenu.css?ver=4.7.1
Attempts: 20 - Request URL: mykaarma.com/wp/wp-content/themes/kaarma/style.css?ver=4.7.1
