Attempts: 1 - Request URL: mykaarma.com/wp/wp-content/uploads/2016/09/vishal.png
Attempts: 2 - Request URL: mykaarma.com/wp/wp-content/uploads/2016/06/chris.png
Attempts: 3 - Request URL: mykaarma.com/mykaarma/cfs-logo/
Attempts: 4 - Request URL: mykaarma.com/our-company/teams-2/
Attempts: 5 - Request URL: mykaarma.com/slashing-voice-rates-another-40/mykaarma-phone/
Attempts: 6 - Request URL: mykaarma.com/logo_my-dark-4/
Attempts: 7 - Request URL: mykaarma.com/category/press-release/page/2
Attempts: 8 - Request URL: mykaarma.com/ebridge/
Attempts: 9 - Request URL: mykaarma.com/mykaarma/galpin-logo/
Attempts: 10 - Request URL: mykaarma.com/stop-the-lunacy/amazon_contact-us/
Attempts: 11 - Request URL: mykaarma.com/wp/wp-content/uploads/2016/01/tool-2.png
Attempts: 12 - Request URL: mykaarma.com/wp/wp-content/uploads/2015/10/simplify.png
Attempts: 13 - Request URL: mykaarma.com/wp-content/uploads/2013/09/Henry-Caprio-158x175.png
Attempts: 14 - Request URL: mykaarma.com/wp/wp-content/uploads/2016/11/werenotgonnatakeit.jpg
Attempts: 15 - Request URL: mykaarma.com/wp/wp-content/uploads/2016/09/gaurish-agarwal.png
Attempts: 16 - Request URL: mykaarma.com/wp/wp-content/uploads/2016/10/use-case.png
Attempts: 17 - Request URL: mykaarma.com/cdk-cert/
Attempts: 18 - Request URL: mykaarma.com/wp/wp-content/uploads/2016/12/641C4F79-4411-49C9-AEAE-CA8C4235EB7D-992x1024.png
Attempts: 19 - Request URL: mykaarma.com/ring-delete-repeat/ring-delete-repeat-2/
Attempts: 20 - Request URL: mykaarma.com/new-product-news-at-mykaarma/int-comm-2/
