Attempts: 1 - Request URL: mykaarma.com/wp/wp-content/uploads/2015/10/mykaarma-cloud.png
Attempts: 2 - Request URL: mykaarma.com/4-write-it-right-tips-to-car-repair/
Attempts: 3 - Request URL: mykaarma.com/wp/wp-includes/js/jquery/jquery.js?ver=1.12.4
Attempts: 4 - Request URL: mykaarma.com/tag/customer-interaction/
Attempts: 5 - Request URL: mykaarma.com/wp/wp-content/plugins/contact-form-7/includes/css/styles.css?ver=4.6
Attempts: 6 - Request URL: mykaarma.com/wp/wp-content/themes/kaarma/js/jquery.meanmenu.js?ver=4.7.1
Attempts: 7 - Request URL: mykaarma.com/wp/wp-content/themes/kaarma/css/animate.css?ver=4.7.1
Attempts: 8 - Request URL: mykaarma.com/wp/wp-content/themes/kaarma/js/seiyria-bootstrap-slider/dist/css/bootstrap-slider.min.css?ver=4.7.1
Attempts: 9 - Request URL: mykaarma.com/wp/wp-content/themes/kaarma/js/custom-two.js?ver=4.7.1
Attempts: 10 - Request URL: mykaarma.com/wp/wp-content/themes/kaarma/js/count-up.js?ver=4.7.1
Attempts: 11 - Request URL: mykaarma.com/wp/wp-content/themes/kaarma/css/responsive.css?ver=4.7.1
Attempts: 12 - Request URL: mykaarma.com/wp/wp-content/plugins/cf7-conditional-fields/js/scripts.js?ver=0.2.5
Attempts: 13 - Request URL: mykaarma.com/wp/wp-content/plugins/polls-widget/fornt_end/styles/baze_styles_for_poll.css?ver=4.7.1
Attempts: 14 - Request URL: mykaarma.com/wp/wp-content/themes/kaarma/style.css?ver=4.7.1
Attempts: 15 - Request URL: mykaarma.com/wp/wp-content/themes/kaarma/css/font-awesome.min.css?ver=4.7.1
Attempts: 16 - Request URL: mykaarma.com/wp/wp-content/themes/kaarma/js/waypoints.js?ver=4.7.1
Attempts: 17 - Request URL: mykaarma.com/wp-content/plugins/cyclone-slider-2/templates/rubin/style.css?ver=2.12.4
Attempts: 18 - Request URL: mykaarma.com/wp-content/plugins/cyclone-slider-2/templates/rubin/style.css?ver=2.12.4
Attempts: 19 - Request URL: mykaarma.com/tag/electronic-signature/
Attempts: 20 - Request URL: mykaarma.com/dsd-express-enrollment/
