Attempts: 1 - Request URL: mykaarma.com/wp/wp-content/themes/kaarma/js/count-up.js?ver=4.5.3
Attempts: 2 - Request URL: mykaarma.com/wp/wp-content/themes/kaarma/js/bootstrap.min.js?ver=4.5.3
Attempts: 3 - Request URL: mykaarma.com/wp/wp-content/plugins/jetpack/css/jetpack.css?ver=4.1.1
Attempts: 4 - Request URL: mykaarma.com/wp/wp-content/themes/kaarma/css/font-awesome.min.css?ver=4.5.3
Attempts: 5 - Request URL: mykaarma.com/wp/wp-content/themes/kaarma/css/animate.css?ver=4.5.3
Attempts: 6 - Request URL: mykaarma.com/wp/wp-content/themes/kaarma/js/custom-two.js?ver=4.5.3
Attempts: 7 - Request URL: mykaarma.com/wp/wp-content/themes/kaarma/css/bootstrap.min.css?ver=4.5.3
Attempts: 8 - Request URL: mykaarma.com/wp/wp-content/themes/kaarma/css/custom.css?ver=4.5.3
Attempts: 9 - Request URL: mykaarma.com/wp/wp-content/themes/kaarma/css/responsive.css?ver=4.5.3
Attempts: 10 - Request URL: mykaarma.com/wp/wp-content/themes/kaarma/css/meanmenu.css?ver=4.5.3
Attempts: 11 - Request URL: mykaarma.com/wp/wp-content/themes/kaarma/js/jquery.meanmenu.js?ver=4.5.3
Attempts: 12 - Request URL: mykaarma.com/wp/wp-content/plugins/jetpack/modules/wpgroho.js?ver=4.5.3
Attempts: 13 - Request URL: mykaarma.com/wp/wp-content/plugins/contact-form-7/includes/css/styles.css?ver=4.5
Attempts: 14 - Request URL: mykaarma.com/wp/wp-includes/js/wp-embed.min.js?ver=4.5.3
Attempts: 15 - Request URL: mykaarma.com/wp/wp-content/themes/kaarma/js/waypoints.js?ver=4.5.3
Attempts: 16 - Request URL: mykaarma.com/wp/wp-content/themes/kaarma/js/seiyria-bootstrap-slider/dist/css/bootstrap-slider.min.css?ver=4.5.3
Attempts: 17 - Request URL: mykaarma.com/wp/wp-content/themes/kaarma/js/count-up.js?ver=4.7.2
Attempts: 18 - Request URL: mykaarma.com/wp/wp-content/themes/kaarma/css/font-awesome.min.css?ver=4.7.2
Attempts: 19 - Request URL: mykaarma.com/wp/wp-content/plugins/wp-gotowebinar/inc/style.css?ver=4.7.2
Attempts: 20 - Request URL: mykaarma.com/wp/wp-content/themes/kaarma/css/meanmenu.css?ver=4.7.2
Attempts: 21 - Request URL: mykaarma.com/wp/wp-content/themes/kaarma/js/seiyria-bootstrap-slider/dist/css/bootstrap-slider.min.css?ver=4.7.2
Attempts: 22 - Request URL: mykaarma.com/wp/wp-content/themes/kaarma/css/animate.css?ver=4.7.2
Attempts: 23 - Request URL: mykaarma.com/wp/wp-includes/js/wp-embed.min.js?ver=4.7.2
Attempts: 24 - Request URL: mykaarma.com/wp/wp-content/plugins/contact-form-7/includes/css/styles.css?ver=4.6.1
Attempts: 25 - Request URL: mykaarma.com/wp/wp-content/plugins/jetpack/css/jetpack.css?ver=4.6
Attempts: 26 - Request URL: mykaarma.com/wp/wp-content/themes/kaarma/js/bootstrap.min.js?ver=4.7.2
Attempts: 27 - Request URL: mykaarma.com/wp/wp-content/themes/kaarma/js/waypoints.js?ver=4.7.2
Attempts: 28 - Request URL: mykaarma.com/wp/wp-content/plugins/contact-form-7/includes/js/scripts.js?ver=4.6.1
Attempts: 29 - Request URL: mykaarma.com/wp/wp-content/plugins/polls-widget/fornt_end/scripts/scripts_front_end_poll.js?ver=4.7.2
Attempts: 30 - Request URL: mykaarma.com/wp/wp-content/themes/kaarma/iframes/roi-calc/bower_components/hammerjs/hammer.min.js
Attempts: 31 - Request URL: mykaarma.com/wp/wp-content/themes/kaarma/iframes/roi-calc/bower_components/seiyria-bootstrap-slider/dist/css/bootstrap-slider.min.css
Attempts: 32 - Request URL: mykaarma.com/wp/wp-content/themes/kaarma/iframes/roi-calc/bower_components/Chart.js/dist/Chart.min.js
Attempts: 33 - Request URL: mykaarma.com/wp/wp-content/themes/kaarma/iframes/roi-calc/bower_components/bootstrap/dist/css/bootstrap-theme.min.css
Attempts: 34 - Request URL: mykaarma.com/wp/wp-content/themes/kaarma/iframes/roi-calc/bower_components/bootstrap/dist/js/bootstrap.min.js
Attempts: 35 - Request URL: mykaarma.com/dsd-2-1-sign/
Attempts: 36 - Request URL: mykaarma.com/ujj-nath-effective-communications-recall-customers/
