Attempts: 1 - Request URL: mykaarma.com/mykaarma-mdl-automation-announce-partnership-integration/
Attempts: 2 - Request URL: mykaarma.com/nada-deals/
Attempts: 3 - Request URL: mykaarma.com/tag/write-it-right/
Attempts: 4 - Request URL: mykaarma.com/payment-information-update/
Attempts: 5 - Request URL: mykaarma.com/insights/
Attempts: 6 - Request URL: mykaarma.com/position-category/engineering/
Attempts: 7 - Request URL: mykaarma.com/customers-arent-gonna-take-anymore/
Attempts: 8 - Request URL: mykaarma.com/position-category/operations/
Attempts: 9 - Request URL: mykaarma.com/animesh/
Attempts: 10 - Request URL: mykaarma.com/tag/self-cashiering/
Attempts: 11 - Request URL: mykaarma.com/tag/software/
Attempts: 12 - Request URL: mykaarma.com/post_format-sitemap.xml
Attempts: 13 - Request URL: mykaarma.com/2016/11/28/
Attempts: 14 - Request URL: mykaarma.com/2016/03/05/
Attempts: 15 - Request URL: mykaarma.com/mykaarma-now-offers-free-unlimited-text-messaging/
Attempts: 16 - Request URL: mykaarma.com/2013/01/12/
Attempts: 17 - Request URL: mykaarma.com/4-write-it-right-tips-to-car-repair/
Attempts: 18 - Request URL: mykaarma.com/wp/wp-content/uploads/2015/10/check-in-1.png
Attempts: 19 - Request URL: mykaarma.com/wp/wp-content/uploads/2015/10/health.png
Attempts: 20 - Request URL: mykaarma.com/wp/wp-content/themes/kaarma/iframes/roi-calc/index.html
Attempts: 21 - Request URL: mykaarma.com/welcome/photo-1465657031025-5c9e77ddf9ca/
