Attempts: 1 - Request URL: mykaarma.com/wp/wp-content/uploads/2016/06/cropped-appicon_admin_mykaarma-com-3.png
Attempts: 2 - Request URL: mykaarma.com/wp/wp-content/uploads/2016/06/doug.png
Attempts: 3 - Request URL: mykaarma.com/wp/wp-content/uploads/2016/06/joe.png
Attempts: 4 - Request URL: mykaarma.com/wp/wp-content/uploads/2016/06/chris.png
Attempts: 5 - Request URL: mykaarma.com/wp/wp-content/uploads/2015/10/voice.png
Attempts: 6 - Request URL: mykaarma.com/mykaarma-at-the-2016-lamarathon/20160214_101931/
Attempts: 7 - Request URL: mykaarma.com/mykaarma-at-the-2016-lamarathon/20160213_153432/
Attempts: 8 - Request URL: mykaarma.com/mykaarma-at-nada2016/slack-for-ios-upload-2/
Attempts: 9 - Request URL: mykaarma.com/if-there-were-only-more-time/
Attempts: 10 - Request URL: mykaarma.com/tag/car-service/
Attempts: 11 - Request URL: mykaarma.com/tag/online-bill-pay/
Attempts: 12 - Request URL: mykaarma.com/tag/conversational-commerce/
Attempts: 13 - Request URL: mykaarma.com/tag/customer-service/
Attempts: 14 - Request URL: mykaarma.com/tag/los-angeles/
Attempts: 15 - Request URL: mykaarma.com/daily-weekly-usage-reports/
Attempts: 16 - Request URL: mykaarma.com/tag/dealership/
Attempts: 17 - Request URL: mykaarma.com/open-position/
Attempts: 18 - Request URL: mykaarma.com/tag/fixed-ops/
Attempts: 19 - Request URL: mykaarma.com/author/kevin-farina/
Attempts: 20 - Request URL: mykaarma.com/mykaarma-receives-top-tier-nps-score-82/
Attempts: 21 - Request URL: mykaarma.com/mykaarma-named-official-platform-for-bmw/
Attempts: 22 - Request URL: mykaarma.com/status-inapp/
Attempts: 23 - Request URL: mykaarma.com/tag/pickup/
Attempts: 24 - Request URL: mykaarma.com/tag/amazon/
Attempts: 25 - Request URL: mykaarma.com/mykaarma-at-nada2016/
