Attempts: 1 - Request URL: mykaarma.com/tablet/tool/
Attempts: 2 - Request URL: mykaarma.com/dsd-express-enrollment/
Attempts: 3 - Request URL: mykaarma.com/tag/payments/
Attempts: 4 - Request URL: mykaarma.com/tag/lamarathon/
Attempts: 5 - Request URL: mykaarma.com/tag/bmw/
Attempts: 6 - Request URL: mykaarma.com/tag/la/
Attempts: 7 - Request URL: mykaarma.com/tag/customer-interaction-management/
Attempts: 8 - Request URL: mykaarma.com/tag/net-promoter-score/
Attempts: 9 - Request URL: mykaarma.com/about-kaarma/
Attempts: 10 - Request URL: mykaarma.com/tag/customer-interaction/
Attempts: 11 - Request URL: mykaarma.com/2016/04/04/
Attempts: 12 - Request URL: mykaarma.com/2016/08/02/
Attempts: 13 - Request URL: mykaarma.com/2016/10/31/
Attempts: 14 - Request URL: mykaarma.com/tag/productivity/
Attempts: 15 - Request URL: mykaarma.com/pramadeep/
Attempts: 16 - Request URL: mykaarma.com/mykaarma-scores-100-customer-satisfaction-april/
Attempts: 17 - Request URL: mykaarma.com/tag/remote/
Attempts: 18 - Request URL: mykaarma.com/our-company
Attempts: 19 - Request URL: mykaarma.com/our-company/
Attempts: 20 - Request URL: mykaarma.com/reliability-dealerships-downfall/
Attempts: 21 - Request URL: mykaarma.com/tag/online-pay/
Attempts: 22 - Request URL: mykaarma.com/parts-rollout-inapp/
Attempts: 23 - Request URL: mykaarma.com/dsd-2-0-sign/
Attempts: 24 - Request URL: mykaarma.com/innovation/
Attempts: 25 - Request URL: mykaarma.com/search-2
Attempts: 26 - Request URL: mykaarma.com/search-2/
Attempts: 27 - Request URL: mykaarma.com/wp/wp-content/uploads/2016/06/burair.png
Attempts: 28 - Request URL: mykaarma.com/wp/wp-content/uploads/2015/10/easeofuse.png
Attempts: 29 - Request URL: mykaarma.com/our-company/
Attempts: 30 - Request URL: mykaarma.com/reliability-dealerships-downfall/
