Attempts: 1 - Request URL: mykaarma.com/test_404_page/
Attempts: 2 - Request URL: mykaarma.com/issmall/
Attempts: 3 - Request URL: mykaarma.com/administrator/manifests/files/joomla.xml
Attempts: 4 - Request URL: mykaarma.com/phpmyadmin/themes/original/img/logo_right.png
Attempts: 5 - Request URL: mykaarma.com/phpmyadmin/favicon.ico
Attempts: 6 - Request URL: mykaarma.com/phpmyadmin/docs.css
Attempts: 7 - Request URL: mykaarma.com/new_gb/help/images/usage/3.3.gif
Attempts: 8 - Request URL: mykaarma.com/web2/login_template/1.files/Logo1.jpg
Attempts: 9 - Request URL: mykaarma.com/ckeditor/ckeditor.js
Attempts: 10 - Request URL: mykaarma.com/tpl/user/tpl1/css/skins/blue.css
Attempts: 11 - Request URL: mykaarma.com/images/login/eyoumail.gif
Attempts: 12 - Request URL: mykaarma.com/images/login/logo.gif
Attempts: 13 - Request URL: mykaarma.com/tpl/login/user/images/login_bg_1.jpg
Attempts: 14 - Request URL: mykaarma.com/images/login/icon-up.gif
Attempts: 15 - Request URL: mykaarma.com/fckeditor/fckconfig.js
Attempts: 16 - Request URL: mykaarma.com/fckeditor/editor/dtd/fck_dtd_test.html
Attempts: 17 - Request URL: mykaarma.com/fckeditor/license.txt
Attempts: 18 - Request URL: mykaarma.com/fckeditor/editor/js/fckeditorcode_ie.js
Attempts: 19 - Request URL: mykaarma.com/fckeditor/fckeditor.js
Attempts: 20 - Request URL: mykaarma.com/FCK/editor/js/fckeditorcode_ie.js
Attempts: 21 - Request URL: mykaarma.com/FCK/fckeditor.js
Attempts: 22 - Request URL: mykaarma.com/docs/
Attempts: 23 - Request URL: mykaarma.com/common/help/images/helplogo.gif
Attempts: 24 - Request URL: mykaarma.com/common/help/images/helplogo_zh.gif
Attempts: 25 - Request URL: mykaarma.com/coremail/common/help/images/helplogo_zh.gif
Attempts: 26 - Request URL: mykaarma.com/coremail/common/help/images/helplogo.gif
Attempts: 27 - Request URL: mykaarma.com/Images/login/biaoti.jpg
Attempts: 28 - Request URL: mykaarma.com/Images/login/lefttu.jpg
Attempts: 29 - Request URL: mykaarma.com/Images/login/mainlogo.gif
Attempts: 30 - Request URL: mykaarma.com/next/img/logo.gif
Attempts: 31 - Request URL: mykaarma.com/maintlogin.jsp
Attempts: 32 - Request URL: mykaarma.com/inc/rsd.php
Attempts: 33 - Request URL: mykaarma.com/auth/login
Attempts: 34 - Request URL: mykaarma.com/e/master/login.aspx
Attempts: 35 - Request URL: mykaarma.com/master/login.aspx
Attempts: 36 - Request URL: mykaarma.com/rss.php
Attempts: 37 - Request URL: mykaarma.com/admin
Attempts: 38 - Request URL: mykaarma.com/list.php
Attempts: 39 - Request URL: mykaarma.com/admin/template/article_more/config.htm
Attempts: 40 - Request URL: mykaarma.com/License.txt
Attempts: 41 - Request URL: mykaarma.com/ckfinder/ckfinder.html
Attempts: 42 - Request URL: mykaarma.com/ckfinder/install.txt
Attempts: 43 - Request URL: mykaarma.com/ckeditor/ckfinder/ckfinder.html
Attempts: 44 - Request URL: mykaarma.com/ckeditor/ckfinder/install.txt
Attempts: 45 - Request URL: mykaarma.com/archiver
Attempts: 46 - Request URL: mykaarma.com/tools/rss.aspx
Attempts: 47 - Request URL: mykaarma.com/siteserver/upgrade/default.aspx
Attempts: 48 - Request URL: mykaarma.com/siteserver/login.aspx
Attempts: 49 - Request URL: mykaarma.com/UserCenter/css/admin/bgimg/admin_all_bg.png
Attempts: 50 - Request URL: mykaarma.com/CuteSoft_Client/CuteEditor/ImageEditor/listfiles.aspx
Attempts: 51 - Request URL: mykaarma.com/CuteSoft_Client/CuteEditor/Help/default.htm
Attempts: 52 - Request URL: mykaarma.com/CuteSoft_Client/CuteEditor/Images/log.gif
Attempts: 53 - Request URL: mykaarma.com/CuteSoft_Client/CuteEditor/Style/IE.css
Attempts: 54 - Request URL: mykaarma.com/images/hwem.css
Attempts: 55 - Request URL: mykaarma.com/dialog/dialog.js
Attempts: 56 - Request URL: mykaarma.com/Editor.js
Attempts: 57 - Request URL: mykaarma.com/images/2_11.gif
Attempts: 58 - Request URL: mykaarma.com/js/buttons.js
Attempts: 59 - Request URL: mykaarma.com/index.cgi
Attempts: 60 - Request URL: mykaarma.com/cgi/index.cgi
Attempts: 61 - Request URL: mykaarma.com/default/images/logo.gif
Attempts: 62 - Request URL: mykaarma.com/extman/default/images/logo.gif
Attempts: 63 - Request URL: mykaarma.com/admin/js/IdSUtil.js
Attempts: 64 - Request URL: mykaarma.com/ids/admin/login.jsp
Attempts: 65 - Request URL: mykaarma.com/ids/admin/userhome/forgetPwd.jsp
Attempts: 66 - Request URL: mykaarma.com/archive/archive.css
Attempts: 67 - Request URL: mykaarma.com/clientscript/vbulletin_ajax_htmlloader.js
Attempts: 68 - Request URL: mykaarma.com/help/ch_gb/images/help-title.gif
Attempts: 69 - Request URL: mykaarma.com/feed.asp
Attempts: 70 - Request URL: mykaarma.com/Ntalker/lawfirm.aspx?17
Attempts: 71 - Request URL: mykaarma.com/Search.html
Attempts: 72 - Request URL: mykaarma.com/bencandy.php
Attempts: 73 - Request URL: mykaarma.com/images/default/post_bt.gif
Attempts: 74 - Request URL: mykaarma.com/admin/inc/xml.xslt
Attempts: 75 - Request URL: mykaarma.com/extern.php?action=feed&type=atom
Attempts: 76 - Request URL: mykaarma.com/admin/SouthidcEditor/Dialog/dialog.js
Attempts: 77 - Request URL: mykaarma.com/admin/SouthidcEditor/ewebeditor.asp?id=57&style=southidc
Attempts: 78 - Request URL: mykaarma.com/admin/SouthidcEditor/ButtonImage/standard/componentmenu.gif
Attempts: 79 - Request URL: mykaarma.com/addons/theme/stv1/_static/image/favicon.ico
Attempts: 80 - Request URL: mykaarma.com/apps/admin/_static/image/login_box_bg.png
Attempts: 81 - Request URL: mykaarma.com/addons/theme/stv1/_static/ts2/layout.css
Attempts: 82 - Request URL: mykaarma.com/addons/theme/stv2/_static/ts2/layout.css
Attempts: 83 - Request URL: mykaarma.com/inc/Templates/rss.xslt
Attempts: 84 - Request URL: mykaarma.com/images/login9/login_33.jpg
Attempts: 85 - Request URL: mykaarma.com/app/login.jsp
Attempts: 86 - Request URL: mykaarma.com/app/js/source/wcmlib/WCMConstants.js
Attempts: 87 - Request URL: mykaarma.com/console/js/CWCMDialogHead.js
Attempts: 88 - Request URL: mykaarma.com/console/include/not_login.htm
Attempts: 89 - Request URL: mykaarma.com/console/auth/reg_newuser.jsp
Attempts: 90 - Request URL: mykaarma.com/console/js/CTRSRequestParam.js
Attempts: 91 - Request URL: mykaarma.com/app/images/login/logo.png
Attempts: 92 - Request URL: mykaarma.com/app/images/login/toplogo.gif
Attempts: 93 - Request URL: mykaarma.com/history.txt
