Attempts: 1 - Request URL: mykaarma.com/wp-content/themes/kaarma/img/nucleo-icon-2.svg
Attempts: 1 - Request URL: mykaarma.com/wp-content/themes/kaarma/img/nucleo-icon-6.svg
Attempts: 2 - Request URL: mykaarma.com/wp-content/themes/kaarma/images/bg-nav-ho.jpg
Attempts: 3 - Request URL: mykaarma.com/wp-content/themes/kaarma/img/nucleo-icon-5.svg
Attempts: 4 - Request URL: mykaarma.com/wp-content/themes/kaarma/img/nucleo-icon-12.svg
Attempts: 5 - Request URL: mykaarma.com/wp-content/themes/kaarma/img/nucleo-icon-4.svg
Attempts: 6 - Request URL: mykaarma.com/wp-content/themes/kaarma/css/AjaxLoader.gif
Attempts: 7 - Request URL: mykaarma.com/wp-content/themes/kaarma/img/nucleo-icon-7.svg
Attempts: 8 - Request URL: mykaarma.com/wp-content/themes/kaarma/img/nucleo-icon-9.svg
Attempts: 8 - Request URL: mykaarma.com/wp-content/themes/kaarma/img/nucleo-icon-1.svg
Attempts: 9 - Request URL: mykaarma.com/wp-content/plugins/cardoza-wordpress-poll/public/css/images/ui-icons_454545_256x240.png
Attempts: 10 - Request URL: mykaarma.com/wp-content/themes/kaarma/img/nucleo-icon-10.svg
Attempts: 10 - Request URL: mykaarma.com/wp-content/plugins/cardoza-wordpress-poll/public/css/images/ui-bg_glass_65_ffffff_1x400.png
Attempts: 11 - Request URL: mykaarma.com/wp-content/themes/kaarma/img/nucleo-icon-3.svg
Attempts: 10 - Request URL: mykaarma.com/wp-content/themes/kaarma/img/nucleo-icon-11.svg
Attempts: 11 - Request URL: mykaarma.com/wp-content/plugins/cardoza-wordpress-poll/public/css/images/ui-bg_highlight-soft_75_cccccc_1x100.png
Attempts: 12 - Request URL: mykaarma.com/wp-content/themes/kaarma/img/nucleo-icon-8.svg
Attempts: 13 - Request URL: mykaarma.com/wp-content/plugins/cardoza-wordpress-poll/public/css/images/ui-icons_2e83ff_256x240.png
Attempts: 14 - Request URL: mykaarma.com/wp-content/plugins/cardoza-wordpress-poll/public/css/images/ui-bg_glass_55_fbf9ee_1x400.png
Attempts: 14 - Request URL: mykaarma.com/wp-content/plugins/cardoza-wordpress-poll/public/css/images/ui-bg_glass_95_fef1ec_1x400.png
Attempts: 15 - Request URL: mykaarma.com/wp-content/plugins/cardoza-wordpress-poll/public/css/images/ui-bg_glass_75_e6e6e6_1x400.png
Attempts: 16 - Request URL: mykaarma.com/wp-content/plugins/cardoza-wordpress-poll/public/css/images/ui-bg_flat_0_aaaaaa_40x100.png
Attempts: 17 - Request URL: mykaarma.com/wp-content/plugins/cardoza-wordpress-poll/public/css/images/ui-bg_glass_75_dadada_1x400.png
Attempts: 18 - Request URL: mykaarma.com/wp-content/plugins/cardoza-wordpress-poll/public/css/images/ui-icons_cd0a0a_256x240.png
Attempts: 19 - Request URL: mykaarma.com/wp-content/plugins/cardoza-wordpress-poll/public/css/images/ui-bg_flat_75_ffffff_40x100.png
