Attempts: 1 - Request URL: mykaarma.com/death-of-the-gui/
Attempts: 2 - Request URL: mykaarma.com/auto-2/
Attempts: 3 - Request URL: mykaarma.com/our-company/salary/
Attempts: 4 - Request URL: mykaarma.com/our-company/teams2a/
Attempts: 5 - Request URL: mykaarma.com/tag/automotive-service/
Attempts: 6 - Request URL: mykaarma.com/tag/authorization-disputes/
Attempts: 7 - Request URL: mykaarma.com/tablet/gogreen-2/
Attempts: 8 - Request URL: mykaarma.com/status/
Attempts: 9 - Request URL: mykaarma.com/slashing-voice-rates-another-40/
Attempts: 10 - Request URL: mykaarma.com/4-write-it-right-tips-to-car-repair/
Attempts: 11 - Request URL: mykaarma.com/parts-rollout/
Attempts: 12 - Request URL: mykaarma.com/mykaarma-story/
Attempts: 13 - Request URL: mykaarma.com/communications/icon-automation/
Attempts: 14 - Request URL: mykaarma.com/contact-us/
Attempts: 15 - Request URL: mykaarma.com/nada2017demo/
Attempts: 16 - Request URL: mykaarma.com/death-of-the-gui/
Attempts: 17 - Request URL: mykaarma.com/dont-get-distracted-shiny-objects/
Attempts: 18 - Request URL: mykaarma.com/dsd-2-1-sign/
Attempts: 19 - Request URL: mykaarma.com/new-fcc-rules-you-really-should-know/
Attempts: 20 - Request URL: mykaarma.com/ujj-nath-effective-communications-recall-customers/
Attempts: 21 - Request URL: mykaarma.com/texting-%e2%89%a0-communications/
Attempts: 22 - Request URL: mykaarma.com/interview-with-chris-barthel-head-of-fixed-operations-for-the-conant-automotive-group/
Attempts: 23 - Request URL: mykaarma.com/mbcanada-price-quote/
Attempts: 24 - Request URL: mykaarma.com/new-fcc-rules-you-really-should-know/fcc/
Attempts: 25 - Request URL: mykaarma.com/mykaarma-at-nada2016/nada-header/
Attempts: 26 - Request URL: mykaarma.com/tag/retention/
Attempts: 27 - Request URL: mykaarma.com/tag/reliability/
Attempts: 28 - Request URL: mykaarma.com/tag/oem/
Attempts: 29 - Request URL: mykaarma.com/mykaarma-named-official-platform-2nd-major-luxury-oem/
