Attempts: 1 - Request URL: mykaarma.com/ebridge/
Attempts: 2 - Request URL: mykaarma.com/apple-touch-icon-120x120-precomposed.png
Attempts: 3 - Request URL: mykaarma.com/apple-touch-icon-120x120.png
Attempts: 4 - Request URL: mykaarma.com/apple-touch-icon-precomposed.png
Attempts: 5 - Request URL: mykaarma.com/apple-touch-icon.png
Attempts: 6 - Request URL: mykaarma.com/apple-touch-icon-120x120-precomposed.png
Attempts: 7 - Request URL: mykaarma.com/apple-touch-icon-120x120.png
Attempts: 8 - Request URL: mykaarma.com/apple-touch-icon-precomposed.png
Attempts: 9 - Request URL: mykaarma.com/apple-touch-icon.png
Attempts: 10 - Request URL: mykaarma.com/ebridge/
Attempts: 11 - Request URL: mykaarma.com/apple-touch-icon-120x120-precomposed.png
Attempts: 12 - Request URL: mykaarma.com/apple-touch-icon-120x120.png
Attempts: 13 - Request URL: mykaarma.com/apple-touch-icon-precomposed.png
Attempts: 14 - Request URL: mykaarma.com/apple-touch-icon.png
Attempts: 15 - Request URL: mykaarma.com/apple-touch-icon-120x120-precomposed.png
Attempts: 16 - Request URL: mykaarma.com/apple-touch-icon-120x120.png
Attempts: 17 - Request URL: mykaarma.com/apple-touch-icon-precomposed.png
Attempts: 18 - Request URL: mykaarma.com/apple-touch-icon.png
Attempts: 19 - Request URL: mykaarma.com/ebridge/
Attempts: 20 - Request URL: mykaarma.com/apple-touch-icon-120x120-precomposed.png
Attempts: 21 - Request URL: mykaarma.com/apple-touch-icon-120x120.png
Attempts: 22 - Request URL: mykaarma.com/apple-touch-icon-precomposed.png
Attempts: 23 - Request URL: mykaarma.com/apple-touch-icon.png
Attempts: 24 - Request URL: mykaarma.com/apple-touch-icon-120x120-precomposed.png
Attempts: 25 - Request URL: mykaarma.com/apple-touch-icon-120x120.png
Attempts: 26 - Request URL: mykaarma.com/apple-touch-icon-precomposed.png
Attempts: 27 - Request URL: mykaarma.com/apple-touch-icon.png
Attempts: 28 - Request URL: mykaarma.com/ebridge/
Attempts: 29 - Request URL: mykaarma.com/apple-touch-icon-120x120-precomposed.png
Attempts: 30 - Request URL: mykaarma.com/apple-touch-icon-120x120.png
Attempts: 31 - Request URL: mykaarma.com/apple-touch-icon-precomposed.png
Attempts: 32 - Request URL: mykaarma.com/apple-touch-icon.png
Attempts: 33 - Request URL: mykaarma.com/apple-touch-icon-120x120-precomposed.png
Attempts: 34 - Request URL: mykaarma.com/apple-touch-icon-120x120.png
Attempts: 35 - Request URL: mykaarma.com/apple-touch-icon-precomposed.png
Attempts: 36 - Request URL: mykaarma.com/apple-touch-icon.png
