Attempts: 1 - Request URL: mykaarma.com/index.php.bak
Attempts: 2 - Request URL: mykaarma.com/index.php~
Attempts: 3 - Request URL: mykaarma.com/.index.php.swp
Attempts: 4 - Request URL: mykaarma.com/wp-config.php.bak
Attempts: 5 - Request URL: mykaarma.com/wp-config.php~
Attempts: 6 - Request URL: mykaarma.com/.wp-config.php.swp
Attempts: 7 - Request URL: mykaarma.com/configuration.php.bak
Attempts: 8 - Request URL: mykaarma.com/configuration.php~
Attempts: 9 - Request URL: mykaarma.com/.configuration.php.swp
Attempts: 10 - Request URL: mykaarma.com/config.php.bak
Attempts: 11 - Request URL: mykaarma.com/config.php~
Attempts: 12 - Request URL: mykaarma.com/.config.php.swp
Attempts: 13 - Request URL: mykaarma.com/index.php.bak
Attempts: 14 - Request URL: mykaarma.com/index.php~
Attempts: 15 - Request URL: mykaarma.com/.index.php.swp
Attempts: 16 - Request URL: mykaarma.com/wp-config.php.bak
Attempts: 17 - Request URL: mykaarma.com/wp-config.php~
Attempts: 18 - Request URL: mykaarma.com/.wp-config.php.swp
Attempts: 19 - Request URL: mykaarma.com/configuration.php.bak
Attempts: 20 - Request URL: mykaarma.com/configuration.php~
Attempts: 21 - Request URL: mykaarma.com/.configuration.php.swp
Attempts: 22 - Request URL: mykaarma.com/config.php.bak
Attempts: 23 - Request URL: mykaarma.com/config.php~
Attempts: 24 - Request URL: mykaarma.com/.config.php.swp
