Attempts: 1 - Request URL: mykaarma.com/icons/folder.gif
Attempts: 2 - Request URL: mykaarma.com/cloud/
Attempts: 3 - Request URL: mykaarma.com/mykaarma/fletcher-jones-logo/
Attempts: 4 - Request URL: mykaarma.com/our-company/
Attempts: 5 - Request URL: mykaarma.com/jobs/
Attempts: 6 - Request URL: mykaarma.com/mykaarma/amsi/
Attempts: 7 - Request URL: mykaarma.com/tag/time-management/
Attempts: 8 - Request URL: mykaarma.com/bmw-price-quote/
Attempts: 9 - Request URL: mykaarma.com/tag/transaction/
Attempts: 10 - Request URL: mykaarma.com/2016/07/21/
Attempts: 11 - Request URL: mykaarma.com/2014/11/12/
Attempts: 12 - Request URL: mykaarma.com/2013/10/20/
Attempts: 13 - Request URL: mykaarma.com/what-you-should-be-doing-to-improve-your-service-drive/
Attempts: 14 - Request URL: mykaarma.com/if-there-were-only-more-time/time-concept-selective-focus-point-special-toned-photo-fx/
Attempts: 15 - Request URL: mykaarma.com/mykaarma-at-nada2016/slack-for-ios-upload/
Attempts: 16 - Request URL: mykaarma.com/mykaarma-launches-remote-repair-drop-off-service-auto-dealer-service-departments/
Attempts: 17 - Request URL: mykaarma.com/mykaarma-story
Attempts: 18 - Request URL: mykaarma.com/texting-%e2%89%a0-communications/communication-2/
Attempts: 19 - Request URL: mykaarma.com/our-company/vacation/
Attempts: 20 - Request URL: mykaarma.com/thank-contacting-us/
Attempts: 21 - Request URL: mykaarma.com/shuttle-left-building-maybe/
