Friday, 12-May-2017 03:58:25 - restore started
Friday, 12-May-2017 03:58:25 - wp version     : 4.7.3
Friday, 12-May-2017 03:58:25 - php version    : 5.3.29
Friday, 12-May-2017 03:58:25 - mysql version  : 5.5.54
Friday, 12-May-2017 03:58:25 - memory limit   : 1024M
Friday, 12-May-2017 03:58:25 - execution time : 600
Friday, 12-May-2017 03:58:25 - mysql timeout  : 600
Friday, 12-May-2017 03:58:25 - socket timeout : 600
Friday, 12-May-2017 03:58:25 - file download started
Friday, 12-May-2017 03:58:50 - download finished, filesize - 276.96 MB
Friday, 12-May-2017 03:58:50 - extracting database using pclzip
Friday, 12-May-2017 03:58:50 - database import started
Friday, 12-May-2017 03:58:51 - updating mysql query with current site's url - new query : "INSERT INTO mk_options VALUES("1", "siteurl", "http://64.91.233.1/~mykaarma", "yes")"
Friday, 12-May-2017 03:59:15 - mysql query failed. error : 1065 Query was empty - query : ""
Friday, 12-May-2017 03:59:15 - database import finished
Friday, 12-May-2017 03:59:15 - search and replace started
Friday, 12-May-2017 03:59:15 - there are 18 tables to scan
Friday, 12-May-2017 03:59:19 - search and replace finished
Friday, 12-May-2017 03:59:19 - extracting archive using pclzip
Friday, 12-May-2017 03:59:25 - copying files..
Friday, 12-May-2017 03:59:32 - deleting temp directory..
Friday, 12-May-2017 03:59:33 - deleting downloaded zip file..
Friday, 12-May-2017 03:59:33 - restore finished
